2024/07/22 08:16:52 [notice] 1#1: using the "epoll" event method
2024/07/22 08:16:52 [notice] 1#1: nginx/1.27.0
2024/07/22 08:16:52 [notice] 1#1: built by gcc 12.2.0 (Debian 12.2.0-14) 
2024/07/22 08:16:52 [notice] 1#1: OS: Linux 6.6.32-linuxkit
2024/07/22 08:16:52 [notice] 1#1: getrlimit(RLIMIT_NOFILE): 1048576:1048576
2024/07/22 08:16:52 [notice] 1#1: start worker processes
2024/07/22 08:16:52 [notice] 1#1: start worker process 20
2024/07/22 08:16:52 [notice] 1#1: start worker process 21
2024/07/22 08:16:52 [notice] 1#1: start worker process 22
2024/07/22 08:16:52 [notice] 1#1: start worker process 23
2024/07/22 08:16:52 [notice] 1#1: start worker process 24
2024/07/22 08:16:52 [notice] 1#1: start worker process 25
2024/07/22 08:16:52 [notice] 1#1: start worker process 26
2024/07/22 08:16:52 [notice] 1#1: start worker process 27
2024/07/22 08:25:24 [notice] 1#1: using the "epoll" event method
2024/07/22 08:25:24 [notice] 1#1: nginx/1.27.0
2024/07/22 08:25:24 [notice] 1#1: built by gcc 12.2.0 (Debian 12.2.0-14) 
2024/07/22 08:25:24 [notice] 1#1: OS: Linux 6.6.32-linuxkit
2024/07/22 08:25:24 [notice] 1#1: getrlimit(RLIMIT_NOFILE): 1048576:1048576
2024/07/22 08:25:24 [notice] 1#1: start worker processes
2024/07/22 08:25:24 [notice] 1#1: start worker process 20
2024/07/22 08:25:24 [notice] 1#1: start worker process 21
2024/07/22 08:25:24 [notice] 1#1: start worker process 22
2024/07/22 08:25:24 [notice] 1#1: start worker process 23
2024/07/22 08:25:24 [notice] 1#1: start worker process 24
2024/07/22 08:25:24 [notice] 1#1: start worker process 25
2024/07/22 08:25:24 [notice] 1#1: start worker process 26
2024/07/22 08:25:24 [notice] 1#1: start worker process 27
2024/07/22 08:25:33 [notice] 1#1: signal 3 (SIGQUIT) received, shutting down
2024/07/22 08:25:33 [notice] 20#20: gracefully shutting down
2024/07/22 08:25:33 [notice] 21#21: gracefully shutting down
2024/07/22 08:25:33 [notice] 21#21: exiting
2024/07/22 08:25:33 [notice] 27#27: gracefully shutting down
2024/07/22 08:25:33 [notice] 26#26: gracefully shutting down
2024/07/22 08:25:33 [notice] 26#26: exiting
2024/07/22 08:25:33 [notice] 23#23: gracefully shutting down
2024/07/22 08:25:33 [notice] 23#23: exiting
2024/07/22 08:25:33 [notice] 22#22: gracefully shutting down
2024/07/22 08:25:33 [notice] 22#22: exiting
2024/07/22 08:25:33 [notice] 24#24: gracefully shutting down
2024/07/22 08:25:33 [notice] 24#24: exiting
2024/07/22 08:25:33 [notice] 25#25: gracefully shutting down
2024/07/22 08:25:33 [notice] 25#25: exiting
2024/07/22 08:25:33 [notice] 20#20: exiting
2024/07/22 08:25:33 [notice] 20#20: exit
2024/07/22 08:25:33 [notice] 21#21: exit
2024/07/22 08:25:33 [notice] 27#27: exiting
2024/07/22 08:25:33 [notice] 26#26: exit
2024/07/22 08:25:33 [notice] 23#23: exit
2024/07/22 08:25:33 [notice] 22#22: exit
2024/07/22 08:25:33 [notice] 24#24: exit
2024/07/22 08:25:33 [notice] 25#25: exit
2024/07/22 08:25:33 [notice] 27#27: exit
2024/07/22 08:25:33 [notice] 1#1: signal 17 (SIGCHLD) received from 26
2024/07/22 08:25:33 [notice] 1#1: worker process 20 exited with code 0
2024/07/22 08:25:33 [notice] 1#1: worker process 21 exited with code 0
2024/07/22 08:25:33 [notice] 1#1: worker process 22 exited with code 0
2024/07/22 08:25:33 [notice] 1#1: worker process 23 exited with code 0
2024/07/22 08:25:33 [notice] 1#1: worker process 24 exited with code 0
2024/07/22 08:25:33 [notice] 1#1: worker process 25 exited with code 0
2024/07/22 08:25:33 [notice] 1#1: worker process 26 exited with code 0
2024/07/22 08:25:33 [notice] 1#1: signal 29 (SIGIO) received
2024/07/22 08:25:33 [notice] 1#1: signal 17 (SIGCHLD) received from 24
2024/07/22 08:25:33 [notice] 1#1: signal 17 (SIGCHLD) received from 27
2024/07/22 08:25:33 [notice] 1#1: worker process 27 exited with code 0
2024/07/22 08:25:33 [notice] 1#1: exit
2024/07/22 10:00:55 [emerg] 1#1: "server" directive is not allowed here in /etc/nginx/nginx.conf:1
2024/07/22 10:00:55 [emerg] 1#1: "server" directive is not allowed here in /etc/nginx/nginx.conf:1
2024/07/22 10:00:56 [emerg] 1#1: "server" directive is not allowed here in /etc/nginx/nginx.conf:1
2024/07/22 10:00:56 [emerg] 1#1: "server" directive is not allowed here in /etc/nginx/nginx.conf:1
2024/07/22 10:00:57 [emerg] 1#1: "server" directive is not allowed here in /etc/nginx/nginx.conf:1
2024/07/22 10:00:59 [emerg] 1#1: "server" directive is not allowed here in /etc/nginx/nginx.conf:1
2024/07/22 10:01:02 [emerg] 1#1: "server" directive is not allowed here in /etc/nginx/nginx.conf:1
2024/07/22 10:01:09 [emerg] 1#1: "server" directive is not allowed here in /etc/nginx/nginx.conf:1
2024/07/22 10:01:22 [emerg] 1#1: "server" directive is not allowed here in /etc/nginx/nginx.conf:1
2024/07/22 10:01:47 [emerg] 1#1: "server" directive is not allowed here in /etc/nginx/nginx.conf:1
2024/07/22 10:02:39 [emerg] 1#1: "server" directive is not allowed here in /etc/nginx/nginx.conf:1
2024/07/22 10:03:39 [emerg] 1#1: "server" directive is not allowed here in /etc/nginx/nginx.conf:1
2024/07/22 10:04:39 [emerg] 1#1: "server" directive is not allowed here in /etc/nginx/nginx.conf:1
2024/07/22 10:05:39 [emerg] 1#1: "server" directive is not allowed here in /etc/nginx/nginx.conf:1
2024/07/22 10:06:39 [emerg] 1#1: "server" directive is not allowed here in /etc/nginx/nginx.conf:1
2024/07/22 10:07:39 [emerg] 1#1: "server" directive is not allowed here in /etc/nginx/nginx.conf:1
2024/07/22 10:08:39 [emerg] 1#1: "server" directive is not allowed here in /etc/nginx/nginx.conf:1
2024/07/22 10:23:01 [emerg] 1#1: "server" directive is not allowed here in /etc/nginx/nginx.conf:1
2024/07/22 10:23:01 [emerg] 1#1: "server" directive is not allowed here in /etc/nginx/nginx.conf:1
2024/07/22 10:23:02 [emerg] 1#1: "server" directive is not allowed here in /etc/nginx/nginx.conf:1
2024/07/22 10:23:02 [emerg] 1#1: "server" directive is not allowed here in /etc/nginx/nginx.conf:1
2024/07/22 10:23:03 [emerg] 1#1: "server" directive is not allowed here in /etc/nginx/nginx.conf:1
2024/07/22 10:23:05 [emerg] 1#1: "server" directive is not allowed here in /etc/nginx/nginx.conf:1
2024/07/22 10:23:08 [emerg] 1#1: "server" directive is not allowed here in /etc/nginx/nginx.conf:1
2024/07/22 10:23:15 [emerg] 1#1: "server" directive is not allowed here in /etc/nginx/nginx.conf:1
2024/07/22 10:23:28 [emerg] 1#1: "server" directive is not allowed here in /etc/nginx/nginx.conf:1
2024/07/22 10:23:53 [emerg] 1#1: "server" directive is not allowed here in /etc/nginx/nginx.conf:1
2024/07/22 10:24:45 [emerg] 1#1: "server" directive is not allowed here in /etc/nginx/nginx.conf:1
2024/07/22 10:25:45 [emerg] 1#1: "server" directive is not allowed here in /etc/nginx/nginx.conf:1
2024/07/22 10:26:45 [emerg] 1#1: "server" directive is not allowed here in /etc/nginx/nginx.conf:1
2024/07/22 10:27:45 [emerg] 1#1: "server" directive is not allowed here in /etc/nginx/nginx.conf:1
2024/07/22 10:28:45 [emerg] 1#1: "server" directive is not allowed here in /etc/nginx/nginx.conf:1
2024/07/22 10:29:45 [emerg] 1#1: "server" directive is not allowed here in /etc/nginx/nginx.conf:1
2024/07/22 10:30:45 [emerg] 1#1: "server" directive is not allowed here in /etc/nginx/nginx.conf:1
2024/07/22 10:31:24 [emerg] 1#1: host not found in upstream "wordpress" in /etc/nginx/nginx.conf:71
2024/07/22 10:31:25 [emerg] 1#1: host not found in upstream "wordpress" in /etc/nginx/nginx.conf:71
2024/07/22 10:31:25 [emerg] 1#1: host not found in upstream "wordpress" in /etc/nginx/nginx.conf:71
2024/07/22 10:31:25 [emerg] 1#1: host not found in upstream "wordpress" in /etc/nginx/nginx.conf:71
2024/07/22 10:31:26 [emerg] 1#1: host not found in upstream "wordpress" in /etc/nginx/nginx.conf:71
2024/07/22 10:31:28 [emerg] 1#1: host not found in upstream "wordpress" in /etc/nginx/nginx.conf:71
2024/07/22 10:31:31 [emerg] 1#1: host not found in upstream "wordpress" in /etc/nginx/nginx.conf:71
2024/07/22 10:31:38 [emerg] 1#1: host not found in upstream "wordpress" in /etc/nginx/nginx.conf:71
2024/07/22 10:31:51 [emerg] 1#1: host not found in upstream "wordpress" in /etc/nginx/nginx.conf:71
2024/07/22 10:32:17 [emerg] 1#1: host not found in upstream "wordpress" in /etc/nginx/nginx.conf:71
2024/07/22 10:33:08 [emerg] 1#1: host not found in upstream "wordpress" in /etc/nginx/nginx.conf:71
2024/07/22 11:05:39 [emerg] 17#17: bind() to 0.0.0.0:80 failed (98: Address already in use)
2024/07/22 11:05:39 [emerg] 17#17: bind() to [::]:80 failed (98: Address already in use)
2024/07/22 11:05:39 [emerg] 17#17: bind() to 0.0.0.0:80 failed (98: Address already in use)
2024/07/22 11:05:39 [emerg] 17#17: bind() to [::]:80 failed (98: Address already in use)
2024/07/22 11:05:39 [emerg] 17#17: bind() to 0.0.0.0:80 failed (98: Address already in use)
2024/07/22 11:05:39 [emerg] 17#17: bind() to [::]:80 failed (98: Address already in use)
2024/07/22 11:05:39 [emerg] 17#17: bind() to 0.0.0.0:80 failed (98: Address already in use)
2024/07/22 11:05:39 [emerg] 17#17: bind() to [::]:80 failed (98: Address already in use)
2024/07/22 11:05:39 [emerg] 17#17: bind() to 0.0.0.0:80 failed (98: Address already in use)
2024/07/22 11:05:39 [emerg] 17#17: bind() to [::]:80 failed (98: Address already in use)
2024/07/22 11:05:39 [emerg] 17#17: still could not bind()
2024/07/22 11:18:17 [error] 7#7: *1 open() "/usr/share/nginx/html/favicon.ico" failed (2: No such file or directory), client: 192.168.65.1, server: localhost, request: "GET /favicon.ico HTTP/1.1", host: "localhost:8000", referrer: "http://localhost:8000/"
2024/07/22 11:24:53 [error] 7#7: *1 open() "/usr/share/nginx/html/test" failed (2: No such file or directory), client: 192.168.65.1, server: localhost, request: "GET /test HTTP/1.1", host: "localhost"
2024/07/22 11:24:53 [error] 7#7: *1 open() "/usr/share/nginx/html/favicon.ico" failed (2: No such file or directory), client: 192.168.65.1, server: localhost, request: "GET /favicon.ico HTTP/1.1", host: "localhost", referrer: "http://localhost/test"
2024/07/22 11:25:06 [error] 7#7: *1 open() "/usr/share/nginx/html/test" failed (2: No such file or directory), client: 192.168.65.1, server: localhost, request: "GET /test HTTP/1.1", host: "localhost"
2024/07/22 11:25:07 [error] 7#7: *1 open() "/usr/share/nginx/html/test" failed (2: No such file or directory), client: 192.168.65.1, server: localhost, request: "GET /test HTTP/1.1", host: "localhost"
2024/07/22 11:25:13 [error] 7#7: *1 open() "/usr/share/nginx/html/hjkhu/jhi" failed (2: No such file or directory), client: 192.168.65.1, server: localhost, request: "GET /hjkhu/jhi HTTP/1.1", host: "localhost"
2024/07/22 11:26:31 [error] 7#7: *3 open() "/usr/share/nginx/html/fd" failed (2: No such file or directory), client: 192.168.65.1, server: localhost, request: "GET /fd HTTP/1.1", host: "localhost"
2024/07/22 11:28:07 [error] 7#7: *1 open() "/usr/share/nginx/html/favicon.ico" failed (2: No such file or directory), client: 192.168.65.1, server: localhost, request: "GET /favicon.ico HTTP/1.1", host: "localhost", referrer: "http://localhost/index.html"
2024/07/22 11:30:05 [error] 7#7: *4 open() "/usr/share/nginx/html/favicon.ico" failed (2: No such file or directory), client: 192.168.65.1, server: localhost, request: "GET /favicon.ico HTTP/1.1", host: "localhost", referrer: "http://localhost/"
